0 info it worked if it ends with ok
1 verbose cli [ 'C:\\Program Files\\nodejs\\node.exe',
1 verbose cli   'C:\\Program Files\\nodejs\\node_modules\\npm\\bin\\npm-cli.js',
1 verbose cli   'run',
1 verbose cli   'update-index-async' ]
2 info using npm@3.3.6
3 info using node@v5.0.0
4 verbose run-script [ 'preupdate-index-async',
4 verbose run-script   'update-index-async',
4 verbose run-script   'postupdate-index-async' ]
5 info lifecycle angular-seed@0.0.0~preupdate-index-async: angular-seed@0.0.0
6 silly lifecycle angular-seed@0.0.0~preupdate-index-async: no script for preupdate-index-async, continuing
7 info lifecycle angular-seed@0.0.0~update-index-async: angular-seed@0.0.0
8 verbose lifecycle angular-seed@0.0.0~update-index-async: unsafe-perm in lifecycle true
9 verbose lifecycle angular-seed@0.0.0~update-index-async: PATH: C:\Program Files\nodejs\node_modules\npm\bin\node-gyp-bin;C:\xampp\htdocs\miprimersponsor\node_modules\.bin;C:\Windows\system32;C:\Windows;C:\Windows\System32\Wbem;C:\Windows\System32\WindowsPowerShell\v1.0\;C:\Program Files (x86)\NVIDIA Corporation\PhysX\Common;C:\Program Files\nodejs\;C:\Program Files\Git\cmd;c:\Program Files (x86)\Android\android-sdk\platform-tools\;C:\Ruby22\bin;C:\Users\kenyt\AppData\Roaming\npm;C:\Program Files (x86)\WinAnt\bin
10 verbose lifecycle angular-seed@0.0.0~update-index-async: CWD: C:\xampp\htdocs\miprimersponsor
11 silly lifecycle angular-seed@0.0.0~update-index-async: Args: [ '/d /s /c',
11 silly lifecycle   'node -e "require(\'shelljs/global\'); sed(\'-i\', /\\/\\/@@NG_LOADER_START@@[\\s\\S]*\\/\\/@@NG_LOADER_END@@/, \'//@@NG_LOADER_START@@\\n\' + sed(/sourceMappingURL=angular-loader.min.js.map/,\'sourceMappingURL=bower_components/angular-loader/angular-loader.min.js.map\',\'app/bower_components/angular-loader/angular-loader.min.js\') + \'\\n//@@NG_LOADER_END@@\', \'app/index-async.html\');"' ]
12 silly lifecycle angular-seed@0.0.0~update-index-async: Returned: code: 1  signal: null
13 info lifecycle angular-seed@0.0.0~update-index-async: Failed to exec update-index-async script
14 verbose stack Error: angular-seed@0.0.0 update-index-async: `node -e "require('shelljs/global'); sed('-i', /\/\/@@NG_LOADER_START@@[\s\S]*\/\/@@NG_LOADER_END@@/, '//@@NG_LOADER_START@@\n' + sed(/sourceMappingURL=angular-loader.min.js.map/,'sourceMappingURL=bower_components/angular-loader/angular-loader.min.js.map','app/bower_components/angular-loader/angular-loader.min.js') + '\n//@@NG_LOADER_END@@', 'app/index-async.html');"`
14 verbose stack Exit status 1
14 verbose stack     at EventEmitter.<anonymous> (C:\Program Files\nodejs\node_modules\npm\lib\utils\lifecycle.js:233:16)
14 verbose stack     at emitTwo (events.js:87:13)
14 verbose stack     at EventEmitter.emit (events.js:172:7)
14 verbose stack     at ChildProcess.<anonymous> (C:\Program Files\nodejs\node_modules\npm\lib\utils\spawn.js:24:14)
14 verbose stack     at emitTwo (events.js:87:13)
14 verbose stack     at ChildProcess.emit (events.js:172:7)
14 verbose stack     at maybeClose (internal/child_process.js:818:16)
14 verbose stack     at Process.ChildProcess._handle.onexit (internal/child_process.js:211:5)
15 verbose pkgid angular-seed@0.0.0
16 verbose cwd C:\xampp\htdocs\miprimersponsor
17 error Windows_NT 10.0.10240
18 error argv "C:\\Program Files\\nodejs\\node.exe" "C:\\Program Files\\nodejs\\node_modules\\npm\\bin\\npm-cli.js" "run" "update-index-async"
19 error node v5.0.0
20 error npm  v3.3.6
21 error code ELIFECYCLE
22 error angular-seed@0.0.0 update-index-async: `node -e "require('shelljs/global'); sed('-i', /\/\/@@NG_LOADER_START@@[\s\S]*\/\/@@NG_LOADER_END@@/, '//@@NG_LOADER_START@@\n' + sed(/sourceMappingURL=angular-loader.min.js.map/,'sourceMappingURL=bower_components/angular-loader/angular-loader.min.js.map','app/bower_components/angular-loader/angular-loader.min.js') + '\n//@@NG_LOADER_END@@', 'app/index-async.html');"`
22 error Exit status 1
23 error Failed at the angular-seed@0.0.0 update-index-async script 'node -e "require('shelljs/global'); sed('-i', /\/\/@@NG_LOADER_START@@[\s\S]*\/\/@@NG_LOADER_END@@/, '//@@NG_LOADER_START@@\n' + sed(/sourceMappingURL=angular-loader.min.js.map/,'sourceMappingURL=bower_components/angular-loader/angular-loader.min.js.map','app/bower_components/angular-loader/angular-loader.min.js') + '\n//@@NG_LOADER_END@@', 'app/index-async.html');"'.
23 error This is most likely a problem with the angular-seed package,
23 error not with npm itself.
23 error Tell the author that this fails on your system:
23 error     node -e "require('shelljs/global'); sed('-i', /\/\/@@NG_LOADER_START@@[\s\S]*\/\/@@NG_LOADER_END@@/, '//@@NG_LOADER_START@@\n' + sed(/sourceMappingURL=angular-loader.min.js.map/,'sourceMappingURL=bower_components/angular-loader/angular-loader.min.js.map','app/bower_components/angular-loader/angular-loader.min.js') + '\n//@@NG_LOADER_END@@', 'app/index-async.html');"
23 error You can get their info via:
23 error     npm owner ls angular-seed
23 error There is likely additional logging output above.
24 verbose exit [ 1, true ]
